<?xml version="1.0" encoding="UTF-8"?>
<!-- Generated by org.testng.reporters.JUnitReportReporter -->
<testsuite skipped="0" hostname="DESKTOP-HHQQC3K" name="testcases.logintc" tests="1" failures="0" timestamp="25 Jan 2021 06:38:58 GMT" time="1.501" errors="0">
  <testcase name="log" time="1.501" classname="testcases.logintc"/>
</testsuite> <!-- testcases.logintc -->
